<?xml version="1.0" encoding="UTF-8"?>
<testng-results skipped="0" failed="0" ignored="0" total="1" passed="1">
  <reporter-output>
  </reporter-output>
  <suite name="Default suite" duration-ms="736624" started-at="2018-12-24T08:24:24Z" finished-at="2018-12-24T08:36:40Z">
    <groups>
    </groups>
    <test name="Default test" duration-ms="736624" started-at="2018-12-24T08:24:24Z" finished-at="2018-12-24T08:36:40Z">
      <class name="com.master.qa.testcases.CategoryPageTest">
        <test-method status="PASS" signature="setUp()[pri:0, instance:com.master.qa.testcases.CategoryPageTest@55b7a4e0]" name="setUp" is-config="true" duration-ms="7873" started-at="2018-12-24T13:54:24Z" finished-at="2018-12-24T13:54:32Z">
          <reporter-output>
          </reporter-output>
        </test-method> <!-- setUp -->
        <test-method status="PASS" signature="AddNewCateDataTest()[pri:2, instance:com.master.qa.testcases.CategoryPageTest@55b7a4e0]" name="AddNewCateDataTest" duration-ms="728727" started-at="2018-12-24T13:54:32Z" finished-at="2018-12-24T14:06:40Z">
          <reporter-output>
          </reporter-output>
        </test-method> <!-- AddNewCateDataTest -->
      </class> <!-- com.master.qa.testcases.CategoryPageTest -->
    </test> <!-- Default test -->
  </suite> <!-- Default suite -->
</testng-results>
